CRITICAL - 2026-07-21 07:40:12 --> CodeIgniter\View\Exceptions\ViewException: Invalid file: "layout.php"
[Method: GET, Route: prom]
in SYSTEMPATH/Exceptions/FrameworkException.php on line 39.
 1 SYSTEMPATH/View/View.php(228): CodeIgniter\Exceptions\FrameworkException::forInvalidFile()
 2 SYSTEMPATH/View/View.php(256): CodeIgniter\View\View->render()
 3 SYSTEMPATH/Common.php(1250): CodeIgniter\View\View->render()
 4 APPPATH/Controllers/PromController.php(17): view()
 5 SYSTEMPATH/CodeIgniter.php(951): App\Controllers\PromController->index()
 6 SYSTEMPATH/CodeIgniter.php(497): CodeIgniter\CodeIgniter->runController()
 7 SYSTEMPATH/CodeIgniter.php(340): CodeIgniter\CodeIgniter->handleRequest()
 8 SYSTEMPATH/Boot.php(417): CodeIgniter\CodeIgniter->run()
 9 SYSTEMPATH/Boot.php(68): CodeIgniter\Boot::runCodeIgniter()
10 FCPATH/index.php(59): CodeIgniter\Boot::bootWeb()
11 SYSTEMPATH/rewrite.php(44): require_once('/home/huhu/Bureau/EXAM FINAL/Projet-Final-S4-ETU004367-4147/public/index.php')
CRITICAL - 2026-07-21 07:41:25 --> CodeIgniter\View\Exceptions\ViewException: Invalid file: "layout.php"
[Method: GET, Route: prom]
in SYSTEMPATH/Exceptions/FrameworkException.php on line 39.
 1 SYSTEMPATH/View/View.php(228): CodeIgniter\Exceptions\FrameworkException::forInvalidFile()
 2 SYSTEMPATH/View/View.php(256): CodeIgniter\View\View->render()
 3 SYSTEMPATH/Common.php(1250): CodeIgniter\View\View->render()
 4 APPPATH/Controllers/PromController.php(17): view()
 5 SYSTEMPATH/CodeIgniter.php(951): App\Controllers\PromController->index()
 6 SYSTEMPATH/CodeIgniter.php(497): CodeIgniter\CodeIgniter->runController()
 7 SYSTEMPATH/CodeIgniter.php(340): CodeIgniter\CodeIgniter->handleRequest()
 8 SYSTEMPATH/Boot.php(417): CodeIgniter\CodeIgniter->run()
 9 SYSTEMPATH/Boot.php(68): CodeIgniter\Boot::runCodeIgniter()
10 FCPATH/index.php(59): CodeIgniter\Boot::bootWeb()
11 SYSTEMPATH/rewrite.php(44): require_once('/home/huhu/Bureau/EXAM FINAL/Projet-Final-S4-ETU004367-4147/public/index.php')
CRITICAL - 2026-07-21 07:41:26 --> CodeIgniter\View\Exceptions\ViewException: Invalid file: "layout.php"
[Method: GET, Route: prom]
in SYSTEMPATH/Exceptions/FrameworkException.php on line 39.
 1 SYSTEMPATH/View/View.php(228): CodeIgniter\Exceptions\FrameworkException::forInvalidFile()
 2 SYSTEMPATH/View/View.php(256): CodeIgniter\View\View->render()
 3 SYSTEMPATH/Common.php(1250): CodeIgniter\View\View->render()
 4 APPPATH/Controllers/PromController.php(17): view()
 5 SYSTEMPATH/CodeIgniter.php(951): App\Controllers\PromController->index()
 6 SYSTEMPATH/CodeIgniter.php(497): CodeIgniter\CodeIgniter->runController()
 7 SYSTEMPATH/CodeIgniter.php(340): CodeIgniter\CodeIgniter->handleRequest()
 8 SYSTEMPATH/Boot.php(417): CodeIgniter\CodeIgniter->run()
 9 SYSTEMPATH/Boot.php(68): CodeIgniter\Boot::runCodeIgniter()
10 FCPATH/index.php(59): CodeIgniter\Boot::bootWeb()
11 SYSTEMPATH/rewrite.php(44): require_once('/home/huhu/Bureau/EXAM FINAL/Projet-Final-S4-ETU004367-4147/public/index.php')
CRITICAL - 2026-07-21 07:41:27 --> CodeIgniter\View\Exceptions\ViewException: Invalid file: "layout.php"
[Method: GET, Route: prom]
in SYSTEMPATH/Exceptions/FrameworkException.php on line 39.
 1 SYSTEMPATH/View/View.php(228): CodeIgniter\Exceptions\FrameworkException::forInvalidFile()
 2 SYSTEMPATH/View/View.php(256): CodeIgniter\View\View->render()
 3 SYSTEMPATH/Common.php(1250): CodeIgniter\View\View->render()
 4 APPPATH/Controllers/PromController.php(17): view()
 5 SYSTEMPATH/CodeIgniter.php(951): App\Controllers\PromController->index()
 6 SYSTEMPATH/CodeIgniter.php(497): CodeIgniter\CodeIgniter->runController()
 7 SYSTEMPATH/CodeIgniter.php(340): CodeIgniter\CodeIgniter->handleRequest()
 8 SYSTEMPATH/Boot.php(417): CodeIgniter\CodeIgniter->run()
 9 SYSTEMPATH/Boot.php(68): CodeIgniter\Boot::runCodeIgniter()
10 FCPATH/index.php(59): CodeIgniter\Boot::bootWeb()
11 SYSTEMPATH/rewrite.php(44): require_once('/home/huhu/Bureau/EXAM FINAL/Projet-Final-S4-ETU004367-4147/public/index.php')
CRITICAL - 2026-07-21 08:21:24 --> ErrorException: Undefined array key "dateCreation"
[Method: GET, Route: eparne]
in APPPATH/Views/utilisateurs/eparne/eplist.php on line 29.
 1 APPPATH/Views/utilisateurs/eparne/eplist.php(29): CodeIgniter\Debug\Exceptions->errorHandler()
 2 SYSTEMPATH/View/View.php(240): include('/home/huhu/Bureau/EXAM FINAL/Projet-Final-S4-ETU004367-4147/app/Views/utilisateurs/eparne/eplist.php')
 3 SYSTEMPATH/View/View.php(243): CodeIgniter\View\View->CodeIgniter\View\{closure}()
 4 SYSTEMPATH/Common.php(1250): CodeIgniter\View\View->render()
 5 APPPATH/Controllers/EparneController.php(17): view()
 6 SYSTEMPATH/CodeIgniter.php(951): App\Controllers\EparneController->index()
 7 SYSTEMPATH/CodeIgniter.php(497): CodeIgniter\CodeIgniter->runController()
 8 SYSTEMPATH/CodeIgniter.php(340): CodeIgniter\CodeIgniter->handleRequest()
 9 SYSTEMPATH/Boot.php(417): CodeIgniter\CodeIgniter->run()
10 SYSTEMPATH/Boot.php(68): CodeIgniter\Boot::runCodeIgniter()
11 FCPATH/index.php(59): CodeIgniter\Boot::bootWeb()
12 SYSTEMPATH/rewrite.php(44): require_once('/home/huhu/Bureau/EXAM FINAL/Projet-Final-S4-ETU004367-4147/public/index.php')
CRITICAL - 2026-07-21 08:22:17 --> Error: Class "App\Controllers\PromModel" not found
[Method: POST, Route: eparne/update/1]
in APPPATH/Controllers/EparneController.php on line 55.
 1 SYSTEMPATH/CodeIgniter.php(951): App\Controllers\EparneController->update()
 2 SYSTEMPATH/CodeIgniter.php(497): CodeIgniter\CodeIgniter->runController()
 3 SYSTEMPATH/CodeIgniter.php(340): CodeIgniter\CodeIgniter->handleRequest()
 4 SYSTEMPATH/Boot.php(417): CodeIgniter\CodeIgniter->run()
 5 SYSTEMPATH/Boot.php(68): CodeIgniter\Boot::runCodeIgniter()
 6 FCPATH/index.php(59): CodeIgniter\Boot::bootWeb()
 7 SYSTEMPATH/rewrite.php(44): require_once('/home/huhu/Bureau/EXAM FINAL/Projet-Final-S4-ETU004367-4147/public/index.php')
CRITICAL - 2026-07-21 08:24:20 --> Error: Call to a member function update() on array
[Method: POST, Route: eparne/update/1]
in APPPATH/Controllers/EparneController.php on line 68.
 1 SYSTEMPATH/CodeIgniter.php(951): App\Controllers\EparneController->update()
 2 SYSTEMPATH/CodeIgniter.php(497): CodeIgniter\CodeIgniter->runController()
 3 SYSTEMPATH/CodeIgniter.php(340): CodeIgniter\CodeIgniter->handleRequest()
 4 SYSTEMPATH/Boot.php(417): CodeIgniter\CodeIgniter->run()
 5 SYSTEMPATH/Boot.php(68): CodeIgniter\Boot::runCodeIgniter()
 6 FCPATH/index.php(59): CodeIgniter\Boot::bootWeb()
 7 SYSTEMPATH/rewrite.php(44): require_once('/home/huhu/Bureau/EXAM FINAL/Projet-Final-S4-ETU004367-4147/public/index.php')
CRITICAL - 2026-07-21 08:24:25 --> Error: Call to a member function update() on array
[Method: POST, Route: eparne/update/1]
in APPPATH/Controllers/EparneController.php on line 68.
 1 SYSTEMPATH/CodeIgniter.php(951): App\Controllers\EparneController->update()
 2 SYSTEMPATH/CodeIgniter.php(497): CodeIgniter\CodeIgniter->runController()
 3 SYSTEMPATH/CodeIgniter.php(340): CodeIgniter\CodeIgniter->handleRequest()
 4 SYSTEMPATH/Boot.php(417): CodeIgniter\CodeIgniter->run()
 5 SYSTEMPATH/Boot.php(68): CodeIgniter\Boot::runCodeIgniter()
 6 FCPATH/index.php(59): CodeIgniter\Boot::bootWeb()
 7 SYSTEMPATH/rewrite.php(44): require_once('/home/huhu/Bureau/EXAM FINAL/Projet-Final-S4-ETU004367-4147/public/index.php')
CRITICAL - 2026-07-21 08:41:55 --> CodeIgniter\Exceptions\BadMethodCallException: Call to undefined method App\Models\EparneCompteModel::getPourcentagePourCompte
[Method: POST, Route: transfert]
in SYSTEMPATH/Model.php on line 761.
 1 APPPATH/Controllers/TransactionController.php(628): CodeIgniter\Model->__call()
 2 APPPATH/Controllers/TransactionController.php(365): App\Controllers\TransactionController->appliquerEpargneAutomatique()
 3 SYSTEMPATH/CodeIgniter.php(951): App\Controllers\TransactionController->transfert()
 4 SYSTEMPATH/CodeIgniter.php(497): CodeIgniter\CodeIgniter->runController()
 5 SYSTEMPATH/CodeIgniter.php(340): CodeIgniter\CodeIgniter->handleRequest()
 6 SYSTEMPATH/Boot.php(417): CodeIgniter\CodeIgniter->run()
 7 SYSTEMPATH/Boot.php(68): CodeIgniter\Boot::runCodeIgniter()
 8 FCPATH/index.php(59): CodeIgniter\Boot::bootWeb()
 9 SYSTEMPATH/rewrite.php(44): require_once('/home/huhu/Bureau/EXAM FINAL/Projet-Final-S4-ETU004367-4147/public/index.php')
